<?xml version="1.0" encoding="UTF-8"?>
<!-- Generated by org.testng.reporters.JUnitXMLReporter -->
<testsuite ignored="0" hostname="Vedants-MBP" failures="0" tests="1" name="Surefire test" time="0.117" errors="0" timestamp="2023-02-18T15:01:12 GMT">
  <testcase classname="Project_K.com.Package.LoginPageTest" name="@BeforeTest setUp" time="0.081">
    <failure type="java.lang.IllegalStateException" message="The driver executable must exist: /Users/vedant/Desktop/Project_SKY/drivers/chromedriver.exe">
      <![CDATA[java.lang.IllegalStateException: The driver executable must exist: /Users/vedant/Desktop/Project_SKY/drivers/chromedriver.exe
at org.openqa.selenium.internal.Require$FileStateChecker.isFile(Require.java:342)
at org.openqa.selenium.remote.service.DriverService.checkExecutable(DriverService.java:147)
at org.openqa.selenium.remote.service.DriverService.findExecutable(DriverService.java:142)
at org.openqa.selenium.chrome.ChromeDriverService.access$000(ChromeDriverService.java:38)
at org.openqa.selenium.chrome.ChromeDriverService$Builder.findDefaultExecutable(ChromeDriverService.java:231)
at org.openqa.selenium.remote.service.DriverService$Builder.build(DriverService.java:437)
at org.openqa.selenium.chrome.ChromeDriverService.createDefaultService(ChromeDriverService.java:127)
at org.openqa.selenium.chrome.ChromeDriver.<init>(ChromeDriver.java:48)
at resources.BaseClass.initializeDriver(BaseClass.java:47)
at Project_K.com.Package.LoginPageTest.setUp(LoginPageTest.java:25)
... Removed 29 stack frames]]>
    </failure>
  </testcase> <!-- @BeforeTest setUp -->
  <testcase classname="Project_K.com.Package.LoginPageTest" name="@AfterTest tearDown" time="-1.676732472761E9">
    <skipped/>
  </testcase> <!-- @AfterTest tearDown -->
  <testcase classname="Project_K.com.Package.LoginPageTest" name="login" time="0.0">
    <skipped/>
  </testcase> <!-- login -->
</testsuite> <!-- Surefire test -->
